<?xml version="1.0" encoding="UTF-8"?>
<testng-results ignored="0" total="1" passed="1" failed="0" skipped="0">
  <reporter-output>
    <line>
      <![CDATA[uiTest is executed]]>
    </line>
  </reporter-output>
  <suite started-at="2024-10-16T12:54:57 IST" name="Default suite" finished-at="2024-10-16T12:55:04 IST" duration-ms="7264">
    <groups>
    </groups>
    <test started-at="2024-10-16T12:54:57 IST" name="Default test" finished-at="2024-10-16T12:55:04 IST" duration-ms="7264">
      <class name="testcases.UiTest">
        <test-method is-config="true" signature="precondition()[pri:0, instance:testcases.UiTest@7188af83]" started-at="2024-10-16T12:54:57 IST" name="precondition" finished-at="2024-10-16T12:55:00 IST" duration-ms="2845" status="PASS">
          <reporter-output>
          </reporter-output>
        </test-method> <!-- precondition -->
        <test-method is-config="true" signature="login()[pri:0, instance:testcases.UiTest@7188af83]" started-at="2024-10-16T12:55:00 IST" name="login" finished-at="2024-10-16T12:55:03 IST" duration-ms="3085" status="PASS">
          <reporter-output>
          </reporter-output>
        </test-method> <!-- login -->
        <test-method signature="uiTest()[pri:0, instance:testcases.UiTest@7188af83]" started-at="2024-10-16T12:55:03 IST" name="uiTest" finished-at="2024-10-16T12:55:03 IST" duration-ms="86" status="PASS">
          <reporter-output>
            <line>
              <![CDATA[uiTest is executed]]>
            </line>
          </reporter-output>
        </test-method> <!-- uiTest -->
        <test-method is-config="true" signature="logout()[pri:0, instance:testcases.UiTest@7188af83]" started-at="2024-10-16T12:55:03 IST" name="logout" finished-at="2024-10-16T12:55:04 IST" duration-ms="827" status="PASS">
          <reporter-output>
          </reporter-output>
        </test-method> <!-- logout -->
        <test-method is-config="true" signature="postCondition()[pri:0, instance:testcases.UiTest@7188af83]" started-at="2024-10-16T12:55:04 IST" name="postCondition" finished-at="2024-10-16T12:55:04 IST" duration-ms="181" status="PASS">
          <reporter-output>
          </reporter-output>
        </test-method> <!-- postCondition -->
      </class> <!-- testcases.UiTest -->
    </test> <!-- Default test -->
  </suite> <!-- Default suite -->
</testng-results>
